\BOOKMARK [1][-]{section.1}{\376\377\000I\000n\000t\000r\000o\000d\000u\000c\000c\000i\000\363\000n\000\040\000y\000\040\000O\000b\000j\000e\000t\000i\000v\000o\000s}{}% 1
\BOOKMARK [2][-]{subsection.1.1}{\376\377\000A\000r\000q\000u\000i\000t\000e\000c\000t\000u\000r\000a\000\040\000j\000e\000r\000\341\000r\000q\000u\000i\000c\000a\000\040\000d\000e\000l\000\040\000s\000i\000s\000t\000e\000m\000a}{section.1}% 2
\BOOKMARK [1][-]{section.2}{\376\377\000C\000o\000n\000v\000e\000r\000s\000o\000r\000\040\000B\000C\000D\000\040\000a\000\040\000B\000i\000n\000a\000r\000i\000o\000\040\000\050\000b\000c\000d\000\137\000t\000o\000\137\000b\000i\000n\000\051}{}% 3
\BOOKMARK [2][-]{subsection.2.1}{\376\377\000E\000s\000p\000e\000c\000i\000f\000i\000c\000a\000c\000i\000\363\000n}{section.2}% 4
\BOOKMARK [2][-]{subsection.2.2}{\376\377\000I\000m\000p\000l\000e\000m\000e\000n\000t\000a\000c\000i\000\363\000n\000\040\000m\000e\000d\000i\000a\000n\000t\000e\000\040\000d\000e\000s\000p\000l\000a\000z\000a\000m\000i\000e\000n\000t\000o\000s}{section.2}% 5
\BOOKMARK [2][-]{subsection.2.3}{\376\377\000V\000e\000r\000i\000f\000i\000c\000a\000c\000i\000\363\000n}{section.2}% 6
\BOOKMARK [1][-]{section.3}{\376\377\000C\000o\000n\000v\000e\000r\000s\000o\000r\000\040\000B\000i\000n\000a\000r\000i\000o\000\040\000a\000\040\000B\000C\000D\000\040\000\050\000b\000i\000n\000\137\000t\000o\000\137\000b\000c\000d\000\051}{}% 7
\BOOKMARK [2][-]{subsection.3.1}{\376\377\000E\000s\000p\000e\000c\000i\000f\000i\000c\000a\000c\000i\000\363\000n}{section.3}% 8
\BOOKMARK [2][-]{subsection.3.2}{\376\377\000A\000l\000g\000o\000r\000i\000t\000m\000o\000:\000\040\000S\000u\000m\000a\000\040\000d\000e\000\040\000p\000e\000s\000o\000s\000\040\000\050\000H\000o\000r\000n\000e\000r\000\040\000e\000n\000\040\000B\000C\000D\000\051}{section.3}% 9
\BOOKMARK [2][-]{subsection.3.3}{\376\377\000M\000\341\000q\000u\000i\000n\000a\000\040\000d\000e\000\040\000E\000s\000t\000a\000d\000o\000s\000\040\000\050\000F\000S\000M\000\051}{section.3}% 10
\BOOKMARK [2][-]{subsection.3.4}{\376\377\000V\000e\000r\000i\000f\000i\000c\000a\000c\000i\000\363\000n}{section.3}% 11
\BOOKMARK [1][-]{section.4}{\376\377\000C\000o\000n\000c\000l\000u\000s\000i\000o\000n\000e\000s}{}% 12
\BOOKMARK [1][-]{appendix.Alph1}{\376\377\000I\000n\000v\000e\000s\000t\000i\000g\000a\000c\000i\000\363\000n\000\040\000y\000\040\000c\000o\000n\000o\000c\000i\000m\000i\000e\000n\000t\000o\000s\000\040\000a\000d\000q\000u\000i\000r\000i\000d\000o\000s\000\040\000d\000u\000r\000a\000n\000t\000e\000\040\000e\000l\000\040\000d\000e\000s\000a\000r\000r\000o\000l\000l\000o}{}% 13
\BOOKMARK [2][-]{subsection.Alph1.1}{\376\377\000A\000l\000g\000o\000r\000i\000t\000m\000o\000\040\000d\000e\000\040\000s\000u\000m\000a\000\040\000d\000e\000\040\000p\000e\000s\000o\000s\000\040\000\050\000H\000o\000r\000n\000e\000r\000\040\000e\000n\000\040\000B\000C\000D\000\051}{appendix.Alph1}% 14
\BOOKMARK [2][-]{subsection.Alph1.2}{\376\377\000M\000u\000l\000t\000i\000p\000l\000i\000c\000a\000c\000i\000\363\000n\000\040\000s\000i\000n\000\040\000o\000p\000e\000r\000a\000d\000o\000r\000\040\000d\000e\000\040\000m\000u\000l\000t\000i\000p\000l\000i\000c\000a\000c\000i\000\363\000n}{appendix.Alph1}% 15
\BOOKMARK [1][-]{appendix.Alph2}{\376\377\000I\000n\000t\000r\000o\000d\000u\000c\000c\000i\000\363\000n\000\040\000y\000\040\000o\000b\000j\000e\000t\000i\000v\000o\000s}{}% 16
\BOOKMARK [1][-]{appendix.Alph3}{\376\377\000A\000r\000q\000u\000i\000t\000e\000c\000t\000u\000r\000a\000\040\000g\000l\000o\000b\000a\000l\000\040\000d\000e\000l\000\040\000s\000i\000s\000t\000e\000m\000a}{}% 17
\BOOKMARK [2][-]{subsection.Alph3.1}{\376\377\000S\000e\000\361\000a\000l\000e\000s\000\040\000d\000e\000\040\000i\000n\000t\000e\000r\000c\000o\000n\000e\000x\000i\000\363\000n\000\040\000p\000r\000i\000n\000c\000i\000p\000a\000l\000e\000s}{appendix.Alph3}% 18
\BOOKMARK [1][-]{appendix.Alph4}{\376\377\000U\000n\000i\000d\000a\000d\000\040\000A\000r\000i\000t\000m\000\351\000t\000i\000c\000o\000-\000L\000\363\000g\000i\000c\000a\000\040\000\050\000a\000l\000u\000.\000v\000h\000d\000\051}{}% 19
\BOOKMARK [2][-]{subsection.Alph4.1}{\376\377\000E\000s\000p\000e\000c\000i\000f\000i\000c\000a\000c\000i\000\363\000n}{appendix.Alph4}% 20
\BOOKMARK [2][-]{subsection.Alph4.2}{\376\377\000C\000a\000m\000i\000n\000o\000\040\000d\000e\000\040\000d\000a\000t\000o\000s}{appendix.Alph4}% 21
\BOOKMARK [2][-]{subsection.Alph4.3}{\376\377\000I\000m\000p\000l\000e\000m\000e\000n\000t\000a\000c\000i\000\363\000n\000\040\000e\000n\000\040\000V\000H\000D\000L}{appendix.Alph4}% 22
\BOOKMARK [2][-]{subsection.Alph4.4}{\376\377\000V\000e\000r\000i\000f\000i\000c\000a\000c\000i\000\363\000n\000:\000\040\000t\000b\000\137\000a\000l\000u\000.\000v\000h\000d}{appendix.Alph4}% 23
\BOOKMARK [1][-]{appendix.Alph5}{\376\377\000T\000e\000m\000p\000o\000r\000i\000z\000a\000c\000i\000\363\000n\000:\000\040\000c\000l\000k\000\137\000d\000i\000v\000.\000v\000h\000d\000\040\000y\000\040\000t\000i\000m\000e\000r\000.\000v\000h\000d}{}% 24
\BOOKMARK [2][-]{subsection.Alph5.1}{\376\377\000D\000i\000v\000i\000s\000o\000r\000\040\000d\000e\000\040\000r\000e\000l\000o\000j\000\040\000g\000e\000n\000\351\000r\000i\000c\000o\000\040\000\050\000c\000l\000k\000\137\000d\000i\000v\000\051}{appendix.Alph5}% 25
\BOOKMARK [2][-]{subsection.Alph5.2}{\376\377\000T\000e\000m\000p\000o\000r\000i\000z\000a\000d\000o\000r\000\040\000d\000o\000b\000l\000e\000\040\000\050\000t\000i\000m\000e\000r\000\051}{appendix.Alph5}% 26
\BOOKMARK [1][-]{appendix.Alph6}{\376\377\000C\000o\000n\000t\000r\000o\000l\000a\000d\000o\000r\000\040\000d\000e\000\040\000t\000e\000c\000l\000a\000d\000o\000\040\000\050\000c\000t\000r\000l\000\137\000t\000e\000c\000.\000v\000h\000d\000\051}{}% 27
\BOOKMARK [2][-]{subsection.Alph6.1}{\376\377\000D\000e\000s\000c\000r\000i\000p\000c\000i\000\363\000n\000\040\000g\000e\000n\000e\000r\000a\000l\000\040\000y\000\040\000e\000s\000p\000e\000c\000i\000f\000i\000c\000a\000c\000i\000\363\000n\000\040\000d\000e\000\040\000p\000u\000e\000r\000t\000o\000s}{appendix.Alph6}% 28
\BOOKMARK [2][-]{subsection.Alph6.2}{\376\377\000M\000a\000p\000a\000\040\000d\000e\000l\000\040\000t\000e\000c\000l\000a\000d\000o}{appendix.Alph6}% 29
\BOOKMARK [2][-]{subsection.Alph6.3}{\376\377\000M\000e\000c\000a\000n\000i\000s\000m\000o\000\040\000d\000e\000\040\000e\000s\000c\000a\000n\000e\000o\000\040\000d\000e\000\040\000f\000i\000l\000a\000s}{appendix.Alph6}% 30
\BOOKMARK [2][-]{subsection.Alph6.4}{\376\377\000A\000n\000t\000i\000r\000e\000b\000o\000t\000e\000\040\000i\000n\000t\000e\000g\000r\000a\000d\000o}{appendix.Alph6}% 31
\BOOKMARK [2][-]{subsection.Alph6.5}{\376\377\000D\000e\000t\000e\000c\000c\000i\000\363\000n\000\040\000d\000e\000\040\000p\000u\000l\000s\000a\000c\000i\000\363\000n\000\040\000c\000o\000r\000t\000a\000\040\000y\000\040\000l\000a\000r\000g\000a}{appendix.Alph6}% 32
\BOOKMARK [2][-]{subsection.Alph6.6}{\376\377\000D\000e\000c\000o\000d\000i\000f\000i\000c\000a\000d\000o\000r\000\040\000f\000i\000l\000a\000\040\000\327\000\040\000c\000o\000l\000u\000m\000n\000a}{appendix.Alph6}% 33
\BOOKMARK [2][-]{subsection.Alph6.7}{\376\377\000J\000e\000r\000a\000r\000q\000u\000\355\000a\000:\000\040\000i\000n\000t\000e\000r\000f\000a\000z\000\137\000t\000e\000c\000l\000a\000d\000o\000.\000v\000h\000d}{appendix.Alph6}% 34
\BOOKMARK [1][-]{appendix.Alph7}{\376\377\000C\000o\000n\000t\000r\000o\000l\000a\000d\000o\000r\000\040\000d\000e\000\040\000d\000i\000s\000p\000l\000a\000y\000s\000\040\000\050\000d\000i\000s\000p\000l\000a\000y\000s\000.\000v\000h\000d\000\051}{}% 35
\BOOKMARK [2][-]{subsection.Alph7.1}{\376\377\000E\000s\000p\000e\000c\000i\000f\000i\000c\000a\000c\000i\000\363\000n}{appendix.Alph7}% 36
\BOOKMARK [2][-]{subsection.Alph7.2}{\376\377\000I\000n\000t\000e\000r\000f\000a\000z\000\040\000d\000e\000\040\000p\000u\000e\000r\000t\000o\000s}{appendix.Alph7}% 37
\BOOKMARK [2][-]{subsection.Alph7.3}{\376\377\000M\000u\000l\000t\000i\000p\000l\000e\000x\000a\000c\000i\000\363\000n}{appendix.Alph7}% 38
\BOOKMARK [2][-]{subsection.Alph7.4}{\376\377\000P\000r\000e\000p\000a\000r\000a\000c\000i\000\363\000n\000\040\000y\000\040\000s\000u\000p\000r\000e\000s\000i\000\363\000n\000\040\000d\000e\000\040\000c\000e\000r\000o\000s}{appendix.Alph7}% 39
